<?xml version="1.0" encoding="UTF-8" ?>
<testsuite tests="15" failures="1" name="com.edge.CheneyOnline.TestCheneyOnline" time="649.067" errors="0" skipped="0">
  <properties>
    <property name="java.runtime.name" value="Java(TM) SE Runtime Environment"/>
    <property name="sun.boot.library.path" value="C:\Program Files\Java\jdk1.8.0_121\jre\bin"/>
    <property name="java.vm.version" value="25.121-b13"/>
    <property name="java.vm.vendor" value="Oracle Corporation"/>
    <property name="maven.multiModuleProjectDirectory" value="C:\Users\Edge\git\masterCheney"/>
    <property name="java.vendor.url" value="http://java.oracle.com/"/>
    <property name="path.separator" value=";"/>
    <property name="guice.disable.misplaced.annotation.check" value="true"/>
    <property name="java.vm.name" value="Java HotSpot(TM) 64-Bit Server VM"/>
    <property name="file.encoding.pkg" value="sun.io"/>
    <property name="user.script" value=""/>
    <property name="user.country" value="US"/>
    <property name="sun.java.launcher" value="SUN_STANDARD"/>
    <property name="sun.os.patch.level" value=""/>
    <property name="java.vm.specification.name" value="Java Virtual Machine Specification"/>
    <property name="user.dir" value="C:\Users\Edge\git\masterCheney"/>
    <property name="java.runtime.version" value="1.8.0_121-b13"/>
    <property name="java.awt.graphicsenv" value="sun.awt.Win32GraphicsEnvironment"/>
    <property name="java.endorsed.dirs" value="C:\Program Files\Java\jdk1.8.0_121\jre\lib\endorsed"/>
    <property name="os.arch" value="amd64"/>
    <property name="java.io.tmpdir" value="C:\Users\Edge\AppData\Local\Temp\9\"/>
    <property name="line.separator" value="
"/>
    <property name="java.vm.specification.vendor" value="Oracle Corporation"/>
    <property name="user.variant" value=""/>
    <property name="os.name" value="Windows Server 2012 R2"/>
    <property name="classworlds.conf" value="C:\Users\Edge\workspace\.metadata\.plugins\org.eclipse.m2e.launching\launches\m2conf1035996471786638213.tmp"/>
    <property name="sun.jnu.encoding" value="Cp1252"/>
    <property name="java.library.path" value="C:\Program Files\Java\jdk1.8.0_121\bin;C:\windows\Sun\Java\bin;C:\windows\system32;C:\windows;C:/Program Files/Java/jdk1.8.0_121/bin/../jre/bin/server;C:/Program Files/Java/jdk1.8.0_121/bin/../jre/bin;C:/Program Files/Java/jdk1.8.0_121/bin/../jre/lib/amd64;C:\Program Files\Java\jdk1.8.0_121\bin;C:\windows\system32;C:\windows;C:\windows\System32\Wbem;C:\windows\System32\WindowsPowerShell\v1.0\;C:\Program Files\ESET\ESET File Security\;C:\Program Files\Git\cmd;C:\Tools\apache-maven-3.3.9\bin;C:\Softwares\eclipse-jee-mars-2-win32-x86_64\eclipse;;."/>
    <property name="java.specification.name" value="Java Platform API Specification"/>
    <property name="java.class.version" value="52.0"/>
    <property name="sun.management.compiler" value="HotSpot 64-Bit Tiered Compilers"/>
    <property name="os.version" value="6.3"/>
    <property name="user.home" value="C:\Users\Edge"/>
    <property name="user.timezone" value="America/New_York"/>
    <property name="java.awt.printerjob" value="sun.awt.windows.WPrinterJob"/>
    <property name="java.specification.version" value="1.8"/>
    <property name="file.encoding" value="Cp1252"/>
    <property name="user.name" value="Edge"/>
    <property name="java.class.path" value="/C:/Softwares/eclipse-jee-mars-2-win32-x86_64/eclipse/plugins/org.eclipse.m2e.maven.runtime_1.6.2.20150902-0001/jars/plexus-classworlds-2.5.2.jar"/>
    <property name="java.vm.specification.version" value="1.8"/>
    <property name="sun.arch.data.model" value="64"/>
    <property name="java.home" value="C:\Program Files\Java\jdk1.8.0_121\jre"/>
    <property name="sun.java.command" value="org.codehaus.plexus.classworlds.launcher.Launcher -B install"/>
    <property name="java.specification.vendor" value="Oracle Corporation"/>
    <property name="user.language" value="en"/>
    <property name="awt.toolkit" value="sun.awt.windows.WToolkit"/>
    <property name="java.vm.info" value="mixed mode"/>
    <property name="java.version" value="1.8.0_121"/>
    <property name="java.ext.dirs" value="C:\Program Files\Java\jdk1.8.0_121\jre\lib\ext;C:\windows\Sun\Java\lib\ext"/>
    <property name="sun.boot.class.path" value="C:\Program Files\Java\jdk1.8.0_121\jre\lib\resources.jar;C:\Program Files\Java\jdk1.8.0_121\jre\lib\rt.jar;C:\Program Files\Java\jdk1.8.0_121\jre\lib\sunrsasign.jar;C:\Program Files\Java\jdk1.8.0_121\jre\lib\jsse.jar;C:\Program Files\Java\jdk1.8.0_121\jre\lib\jce.jar;C:\Program Files\Java\jdk1.8.0_121\jre\lib\charsets.jar;C:\Program Files\Java\jdk1.8.0_121\jre\lib\jfr.jar;C:\Program Files\Java\jdk1.8.0_121\jre\classes"/>
    <property name="java.vendor" value="Oracle Corporation"/>
    <property name="maven.home" value="C:\Users\Edge\git\masterCheney\EMBEDDED"/>
    <property name="file.separator" value="\"/>
    <property name="java.vendor.url.bug" value="http://bugreport.sun.com/bugreport/"/>
    <property name="sun.cpu.endian" value="little"/>
    <property name="sun.io.unicode.encoding" value="UnicodeLittle"/>
    <property name="sun.desktop" value="windows"/>
    <property name="sun.cpu.isalist" value="amd64"/>
  </properties>
  <testcase classname="com.edge.CheneyOnline.TestCheneyOnline" name="Dada_Cheney" time="42.562"/>
  <testcase classname="com.edge.CheneyOnline.TestCheneyOnline" name="House_Cheney" time="41.993"/>
  <testcase classname="com.edge.CheneyOnline.TestCheneyOnline" name="Howleys_Cheney" time="43.383"/>
  <testcase classname="com.edge.CheneyOnline.TestCheneyOnline" name="Boynton_Cheney" time="40.585"/>
  <testcase classname="com.edge.CheneyOnline.TestCheneyOnline" name="Wellington_Cheney" time="51.462"/>
  <testcase classname="com.edge.CheneyOnline.TestCheneyOnline" name="CafeHeavenly_Cheney" time="41.744"/>
  <testcase classname="com.edge.CheneyOnline.TestCheneyOnline" name="Oceans234_Cheney" time="12.123">
    <failure message="unknown error: Element &lt;span class=&quot;rtbOut&quot;&gt;...&lt;/span&gt; is not clickable at point (346, 184). Other element would receive the click: &lt;div class=&quot;loadingPanel RadAjax_Black RadAjax_Default RadAjax_Forest RadAjax_Hay RadAjax_Office2007 RadAjax_Outlook RadAjax_Simple RadAjax_Sitefinity RadAjax_Sunset RadAjax_Telerik RadAjax_Vista RadAjax_Web20 RadAjax_WebBlue RadAjax_Windows7&quot; id=&quot;loading_1491837997796&quot; style=&quot;width: 1920px; height: 935px; background: white; z-index: 999998; position: absolute; left: 0px; top: 0px; opacity: 0.7;&quot;&gt;...&lt;/div&gt;
  (Session info: chrome=57.0.2987.133)
  (Driver info: chromedriver=2.29.461591 (62ebf098771772160f391d75e589dc567915b233),platform=Windows NT 6.3.9600 x86_64) (WARNING: The server did not provide any stacktrace information)
Command duration or timeout: 63 milliseconds
Build info: version: &apos;3.0.1&apos;, revision: &apos;1969d75&apos;, time: &apos;2016-10-18 09:49:13 -0700&apos;
System info: host: &apos;1SF28Q&apos;, ip: &apos;67.225.160.228&apos;, os.name: &apos;Windows Server 2012 R2&apos;, os.arch: &apos;amd64&apos;, os.version: &apos;6.3&apos;, java.version: &apos;1.8.0_121&apos;
Driver info: org.openqa.selenium.chrome.ChromeDriver
Capabilities [{applicationCacheEnabled=false, rotatable=false, mobileEmulationEnabled=false, networkConnectionEnabled=false, chrome={chromedriverVersion=2.29.461591 (62ebf098771772160f391d75e589dc567915b233), userDataDir=C:\Users\Edge\AppData\Local\Temp\9\scoped_dir57172_9344}, takesHeapSnapshot=true, pageLoadStrategy=normal, databaseEnabled=false, handlesAlerts=true, hasTouchScreen=false, version=57.0.2987.133, platform=WIN8_1, browserConnectionEnabled=false, nativeEvents=true, acceptSslCerts=true, locationContextEnabled=true, webStorageEnabled=true, browserName=chrome, takesScreenshot=true, javascriptEnabled=true, cssSelectorsEnabled=true, unexpectedAlertBehaviour=}]
Session ID: 6ac1e68d54aaa9e0ab7ee20759748e2c" type="org.openqa.selenium.WebDriverException">org.openqa.selenium.WebDriverException: unknown error: Element &lt;span class=&quot;rtbOut&quot;&gt;...&lt;/span&gt; is not clickable at point (346, 184). Other element would receive the click: &lt;div class=&quot;loadingPanel RadAjax_Black RadAjax_Default RadAjax_Forest RadAjax_Hay RadAjax_Office2007 RadAjax_Outlook RadAjax_Simple RadAjax_Sitefinity RadAjax_Sunset RadAjax_Telerik RadAjax_Vista RadAjax_Web20 RadAjax_WebBlue RadAjax_Windows7&quot; id=&quot;loading_1491837997796&quot; style=&quot;width: 1920px; height: 935px; background: white; z-index: 999998; position: absolute; left: 0px; top: 0px; opacity: 0.7;&quot;&gt;...&lt;/div&gt;
  (Session info: chrome=57.0.2987.133)
  (Driver info: chromedriver=2.29.461591 (62ebf098771772160f391d75e589dc567915b233),platform=Windows NT 6.3.9600 x86_64) (WARNING: The server did not provide any stacktrace information)
Command duration or timeout: 63 milliseconds
Build info: version: &apos;3.0.1&apos;, revision: &apos;1969d75&apos;, time: &apos;2016-10-18 09:49:13 -0700&apos;
System info: host: &apos;1SF28Q&apos;, ip: &apos;67.225.160.228&apos;, os.name: &apos;Windows Server 2012 R2&apos;, os.arch: &apos;amd64&apos;, os.version: &apos;6.3&apos;, java.version: &apos;1.8.0_121&apos;
Driver info: org.openqa.selenium.chrome.ChromeDriver
Capabilities [{applicationCacheEnabled=false, rotatable=false, mobileEmulationEnabled=false, networkConnectionEnabled=false, chrome={chromedriverVersion=2.29.461591 (62ebf098771772160f391d75e589dc567915b233), userDataDir=C:\Users\Edge\AppData\Local\Temp\9\scoped_dir57172_9344}, takesHeapSnapshot=true, pageLoadStrategy=normal, databaseEnabled=false, handlesAlerts=true, hasTouchScreen=false, version=57.0.2987.133, platform=WIN8_1, browserConnectionEnabled=false, nativeEvents=true, acceptSslCerts=true, locationContextEnabled=true, webStorageEnabled=true, browserName=chrome, takesScreenshot=true, javascriptEnabled=true, cssSelectorsEnabled=true, unexpectedAlertBehaviour=}]
Session ID: 6ac1e68d54aaa9e0ab7ee20759748e2c
	at sun.reflect.NativeConstructorAccessorImpl.newInstance0(Native Method)
	at sun.reflect.NativeConstructorAccessorImpl.newInstance(NativeConstructorAccessorImpl.java:62)
	at sun.reflect.DelegatingConstructorAccessorImpl.newInstance(DelegatingConstructorAccessorImpl.java:45)
	at java.lang.reflect.Constructor.newInstance(Constructor.java:423)
	at org.openqa.selenium.remote.ErrorHandler.createThrowable(ErrorHandler.java:216)
	at org.openqa.selenium.remote.ErrorHandler.throwIfResponseFailed(ErrorHandler.java:168)
	at org.openqa.selenium.remote.RemoteWebDriver.execute(RemoteWebDriver.java:635)
	at org.openqa.selenium.remote.RemoteWebElement.execute(RemoteWebElement.java:274)
	at org.openqa.selenium.remote.RemoteWebElement.click(RemoteWebElement.java:84)
	at com.edge.CheneyOnline.CommonCheney.LoginCheney(CommonCheney.java:75)
	at com.edge.CheneyOnline.TestCheneyOnline.Oceans234_Cheney(TestCheneyOnline.java:130)
</failure>
    <system-out>*******EndTest*********
***********StartTest*********
7, Oceans234_Cheney
Login Successful
5
Clicked on link - Order Guide / Entire Order Guide
</system-out>
    <system-err>Starting ChromeDriver 2.29.461591 (62ebf098771772160f391d75e589dc567915b233) on port 5633
Only local connections are allowed.
Apr 10, 2017 11:26:26 AM org.openqa.selenium.remote.ProtocolHandshake createSession
INFO: Attempting bi-dialect session, assuming Postel&apos;s Law holds true on the remote end
Apr 10, 2017 11:26:26 AM org.openqa.selenium.remote.ProtocolHandshake createSession
INFO: Detected dialect: OSS
</system-err>
  </testcase>
  <testcase classname="com.edge.CheneyOnline.TestCheneyOnline" name="ShulaBurgerKendall_Cheney" time="55.448"/>
  <testcase classname="com.edge.CheneyOnline.TestCheneyOnline" name="ShulaBurgerPC_Cheney" time="50.762"/>
  <testcase classname="com.edge.CheneyOnline.TestCheneyOnline" name="TrumpIntl_Cheney" time="41.929"/>
  <testcase classname="com.edge.CheneyOnline.TestCheneyOnline" name="TrumpNational_Cheney" time="49.353"/>
  <testcase classname="com.edge.CheneyOnline.TestCheneyOnline" name="BocaLago_Cheney" time="42.787"/>
  <testcase classname="com.edge.CheneyOnline.TestCheneyOnline" name="Woodfield_Cheney" time="29.823"/>
  <testcase classname="com.edge.CheneyOnline.TestCheneyOnline" name="ConchRep_Cheney" time="62.926"/>
  <testcase classname="com.edge.CheneyOnline.TestCheneyOnline" name="KeeGrill_Cheney" time="42.187"/>
</testsuite>