<?xml version="1.0" encoding="UTF-8"?>
<!-- Generated by org.testng.reporters.JUnitReportReporter -->
<testsuite hostname="Ashu-PC" name="com.edge.CheneyOnline.TestCheneyExecutor" tests="1" failures="0" timestamp="28 Nov 2017 22:38:25 GMT" time="27.018" errors="0">
  <testcase name="Export_Mail_OG" time="27.018" classname="com.edge.CheneyOnline.TestCheneyExecutor"/>
</testsuite> <!-- com.edge.CheneyOnline.TestCheneyExecutor -->
