<?xml version="1.0" encoding="UTF-8"?>
<!-- Generated by org.testng.reporters.JUnitReportReporter -->
<testsuite hostname="Ashu-PC" name="com.edge.CheneyOnline.TestCheneyExecutor" tests="3" failures="0" timestamp="26 Nov 2017 21:52:21 GMT" time="169.777" errors="0">
  <testcase name="Export_Mail_OG" time="115.906" classname="com.edge.CheneyOnline.TestCheneyExecutor"/>
  <testcase name="Export_Mail_OG" time="20.184" classname="com.edge.CheneyOnline.TestCheneyExecutor"/>
  <testcase name="Export_Mail_OG" time="33.687" classname="com.edge.CheneyOnline.TestCheneyExecutor"/>
</testsuite> <!-- com.edge.CheneyOnline.TestCheneyExecutor -->
